<?xml version="1.0" encoding="UTF-8"?>
<!-- Generated by org.testng.reporters.JUnitXMLReporter -->
<testsuite ignored="0" hostname="DESKTOP-JEQ71JK" failures="1" tests="2" name="Surefire test" time="20.935" errors="0" timestamp="2022-11-14T13:35:46 IST">
  <testcase classname="io.cucumber.testng.AbstractTestNGCucumberTests" name="runScenario" time="18.704"/>
  <testcase classname="io.cucumber.testng.AbstractTestNGCucumberTests" name="runScenario" time="18.907">
    <failure type="java.lang.AssertionError" message="expected [Beetroot] but found [No data]">
      <![CDATA[java.lang.AssertionError: expected [Beetroot] but found [No data]
at stepDefinitions.OfferPageStepDefinitions.validate_product_name_in_offers_page_matches_with_landing_page(OfferPageStepDefinitions.java:58)
at ✽.validate product name in offers page matches with Landing page(file:///C:/Users/TheUnified-17/Desktop/Personal%20folder/code/Framework/src/test/java/Features/searchProduct.feature:9)
... Removed 6 stack frames]]>
    </failure>
  </testcase> <!-- runScenario -->
</testsuite> <!-- Surefire test -->
